{"F:\\Internship\\React\\modal\\reactmodal\\src\\App.js": {"path":"F:\\Internship\\React\\modal\\reactmodal\\src\\App.js","statementMap":{"0":{"start":{"line":18,"column":26},"end":{"line":18,"column":40}},"1":{"start":{"line":20,"column":2},"end":{"line":23,"column":9}},"2":{"start":{"line":21,"column":15},"end":{"line":21,"column":43}},"3":{"start":{"line":22,"column":4},"end":{"line":22,"column":62}},"4":{"start":{"line":25,"column":2},"end":{"line":27,"column":13}},"5":{"start":{"line":26,"column":4},"end":{"line":26,"column":39}},"6":{"start":{"line":28,"column":2},"end":{"line":89,"column":4}},"7":{"start":{"line":50,"column":60},"end":{"line":50,"column":73}},"8":{"start":{"line":59,"column":53},"end":{"line":59,"column":67}},"9":{"start":{"line":91,"column":13},"end":{"line":95,"column":1}},"10":{"start":{"line":92,"column":2},"end":{"line":94,"column":9}}},"fnMap":{"0":{"name":"App","decl":{"start":{"line":17,"column":9},"end":{"line":17,"column":12}},"loc":{"start":{"line":17,"column":15},"end":{"line":90,"column":1}},"line":17},"1":{"name":"(anonymous_1)","decl":{"start":{"line":20,"column":12},"end":{"line":20,"column":13}},"loc":{"start":{"line":20,"column":18},"end":{"line":23,"column":3}},"line":20},"2":{"name":"(anonymous_2)","decl":{"start":{"line":25,"column":12},"end":{"line":25,"column":13}},"loc":{"start":{"line":25,"column":18},"end":{"line":27,"column":3}},"line":25},"3":{"name":"(anonymous_3)","decl":{"start":{"line":50,"column":54},"end":{"line":50,"column":55}},"loc":{"start":{"line":50,"column":60},"end":{"line":50,"column":73}},"line":50},"4":{"name":"(anonymous_4)","decl":{"start":{"line":59,"column":47},"end":{"line":59,"column":48}},"loc":{"start":{"line":59,"column":53},"end":{"line":59,"column":67}},"line":59},"5":{"name":"(anonymous_5)","decl":{"start":{"line":91,"column":13},"end":{"line":91,"column":14}},"loc":{"start":{"line":91,"column":19},"end":{"line":95,"column":1}},"line":91}},"branchMap":{"0":{"loc":{"start":{"line":22,"column":4},"end":{"line":22,"column":61}},"type":"cond-expr","locations":[{"start":{"line":22,"column":31},"end":{"line":22,"column":44}},{"start":{"line":22,"column":47},"end":{"line":22,"column":61}}],"line":22},"1":{"loc":{"start":{"line":22,"column":4},"end":{"line":22,"column":28}},"type":"binary-expr","locations":[{"start":{"line":22,"column":4},"end":{"line":22,"column":8}},{"start":{"line":22,"column":12},"end":{"line":22,"column":28}}],"line":22},"2":{"loc":{"start":{"line":47,"column":17},"end":{"line":52,"column":17}},"type":"binary-expr","locations":[{"start":{"line":47,"column":17},"end":{"line":47,"column":22}},{"start":{"line":48,"column":18},"end":{"line":51,"column":20}}],"line":47},"3":{"loc":{"start":{"line":53,"column":17},"end":{"line":65,"column":17}},"type":"binary-expr","locations":[{"start":{"line":53,"column":17},"end":{"line":53,"column":21}},{"start":{"line":54,"column":18},"end":{"line":64,"column":21}}],"line":53},"4":{"loc":{"start":{"line":68,"column":41},"end":{"line":68,"column":69}},"type":"cond-expr","locations":[{"start":{"line":68,"column":48},"end":{"line":68,"column":58}},{"start":{"line":68,"column":61},"end":{"line":68,"column":69}}],"line":68}},"s":{"0":0,"1":0,"2":0,"3":0,"4":0,"5":0,"6":0,"7":0,"8":0,"9":0,"10":0},"f":{"0":0,"1":0,"2":0,"3":0,"4":0,"5":0},"b":{"0":[0,0],"1":[0,0],"2":[0,0],"3":[0,0],"4":[0,0]}}
,"F:\\Internship\\React\\modal\\reactmodal\\src\\index.js": {"path":"F:\\Internship\\React\\modal\\reactmodal\\src\\index.js","statementMap":{"0":{"start":{"line":7,"column":20},"end":{"line":7,"column":51}},"1":{"start":{"line":8,"column":0},"end":{"line":8,"column":29}}},"fnMap":{},"branchMap":{},"s":{"0":0,"1":0},"f":{},"b":{}}
,"F:\\Internship\\React\\modal\\reactmodal\\src\\reportWebVitals.js": {"path":"F:\\Internship\\React\\modal\\reactmodal\\src\\reportWebVitals.js","statementMap":{"0":{"start":{"line":1,"column":24},"end":{"line":11,"column":1}},"1":{"start":{"line":2,"column":2},"end":{"line":10,"column":3}},"2":{"start":{"line":3,"column":4},"end":{"line":9,"column":7}},"3":{"start":{"line":4,"column":6},"end":{"line":4,"column":26}},"4":{"start":{"line":5,"column":6},"end":{"line":5,"column":26}},"5":{"start":{"line":6,"column":6},"end":{"line":6,"column":26}},"6":{"start":{"line":7,"column":6},"end":{"line":7,"column":26}},"7":{"start":{"line":8,"column":6},"end":{"line":8,"column":27}}},"fnMap":{"0":{"name":"(anonymous_0)","decl":{"start":{"line":1,"column":24},"end":{"line":1,"column":25}},"loc":{"start":{"line":1,"column":39},"end":{"line":11,"column":1}},"line":1},"1":{"name":"(anonymous_1)","decl":{"start":{"line":3,"column":30},"end":{"line":3,"column":31}},"loc":{"start":{"line":3,"column":79},"end":{"line":9,"column":5}},"line":3}},"branchMap":{"0":{"loc":{"start":{"line":2,"column":2},"end":{"line":10,"column":3}},"type":"if","locations":[{"start":{"line":2,"column":2},"end":{"line":10,"column":3}},{"start":{},"end":{}}],"line":2},"1":{"loc":{"start":{"line":2,"column":6},"end":{"line":2,"column":52}},"type":"binary-expr","locations":[{"start":{"line":2,"column":6},"end":{"line":2,"column":17}},{"start":{"line":2,"column":21},"end":{"line":2,"column":52}}],"line":2}},"s":{"0":0,"1":0,"2":0,"3":0,"4":0,"5":0,"6":0,"7":0},"f":{"0":0,"1":0},"b":{"0":[0,0],"1":[0,0]}}
,"F:\\Internship\\React\\modal\\reactmodal\\src\\test.js": {"path":"F:\\Internship\\React\\modal\\reactmodal\\src\\test.js","statementMap":{"0":{"start":{"line":6,"column":0},"end":{"line":19,"column":3}},"1":{"start":{"line":10,"column":2},"end":{"line":16,"column":4}},"2":{"start":{"line":17,"column":22},"end":{"line":17,"column":52}},"3":{"start":{"line":18,"column":2},"end":{"line":18,"column":42}}},"fnMap":{"0":{"name":"(anonymous_0)","decl":{"start":{"line":6,"column":33},"end":{"line":6,"column":34}},"loc":{"start":{"line":6,"column":39},"end":{"line":19,"column":1}},"line":6}},"branchMap":{},"s":{"0":0,"1":0,"2":0,"3":0},"f":{"0":0},"b":{}}
,"F:\\Internship\\React\\modal\\reactmodal\\src\\components\\AddForm.js": {"path":"F:\\Internship\\React\\modal\\reactmodal\\src\\components\\AddForm.js","statementMap":{"0":{"start":{"line":8,"column":16},"end":{"line":98,"column":1}},"1":{"start":{"line":9,"column":25},"end":{"line":9,"column":51}},"2":{"start":{"line":10,"column":38},"end":{"line":17,"column":4}},"3":{"start":{"line":18,"column":24},"end":{"line":20,"column":3}},"4":{"start":{"line":19,"column":4},"end":{"line":19,"column":70}},"5":{"start":{"line":21,"column":61},"end":{"line":21,"column":71}},"6":{"start":{"line":22,"column":21},"end":{"line":25,"column":1}},"7":{"start":{"line":23,"column":2},"end":{"line":23,"column":21}},"8":{"start":{"line":24,"column":2},"end":{"line":24,"column":64}},"9":{"start":{"line":26,"column":2},"end":{"line":97,"column":4}},"10":{"start":{"line":34,"column":27},"end":{"line":34,"column":43}},"11":{"start":{"line":44,"column":27},"end":{"line":44,"column":43}},"12":{"start":{"line":54,"column":27},"end":{"line":54,"column":43}},"13":{"start":{"line":64,"column":27},"end":{"line":64,"column":43}},"14":{"start":{"line":74,"column":27},"end":{"line":74,"column":43}},"15":{"start":{"line":84,"column":27},"end":{"line":84,"column":43}}},"fnMap":{"0":{"name":"(anonymous_0)","decl":{"start":{"line":8,"column":16},"end":{"line":8,"column":17}},"loc":{"start":{"line":8,"column":22},"end":{"line":98,"column":1}},"line":8},"1":{"name":"(anonymous_1)","decl":{"start":{"line":18,"column":24},"end":{"line":18,"column":25}},"loc":{"start":{"line":18,"column":31},"end":{"line":20,"column":3}},"line":18},"2":{"name":"(anonymous_2)","decl":{"start":{"line":22,"column":21},"end":{"line":22,"column":22}},"loc":{"start":{"line":22,"column":28},"end":{"line":25,"column":1}},"line":22},"3":{"name":"(anonymous_3)","decl":{"start":{"line":34,"column":20},"end":{"line":34,"column":21}},"loc":{"start":{"line":34,"column":27},"end":{"line":34,"column":43}},"line":34},"4":{"name":"(anonymous_4)","decl":{"start":{"line":44,"column":20},"end":{"line":44,"column":21}},"loc":{"start":{"line":44,"column":27},"end":{"line":44,"column":43}},"line":44},"5":{"name":"(anonymous_5)","decl":{"start":{"line":54,"column":20},"end":{"line":54,"column":21}},"loc":{"start":{"line":54,"column":27},"end":{"line":54,"column":43}},"line":54},"6":{"name":"(anonymous_6)","decl":{"start":{"line":64,"column":20},"end":{"line":64,"column":21}},"loc":{"start":{"line":64,"column":27},"end":{"line":64,"column":43}},"line":64},"7":{"name":"(anonymous_7)","decl":{"start":{"line":74,"column":20},"end":{"line":74,"column":21}},"loc":{"start":{"line":74,"column":27},"end":{"line":74,"column":43}},"line":74},"8":{"name":"(anonymous_8)","decl":{"start":{"line":84,"column":20},"end":{"line":84,"column":21}},"loc":{"start":{"line":84,"column":27},"end":{"line":84,"column":43}},"line":84}},"branchMap":{},"s":{"0":0,"1":0,"2":0,"3":0,"4":0,"5":0,"6":0,"7":0,"8":0,"9":0,"10":0,"11":0,"12":0,"13":0,"14":0,"15":0},"f":{"0":0,"1":0,"2":0,"3":0,"4":0,"5":0,"6":0,"7":0,"8":0},"b":{}}
,"F:\\Internship\\React\\modal\\reactmodal\\src\\components\\EditForm.js": {"path":"F:\\Internship\\React\\modal\\reactmodal\\src\\components\\EditForm.js","statementMap":{"0":{"start":{"line":8,"column":17},"end":{"line":96,"column":1}},"1":{"start":{"line":10,"column":15},"end":{"line":10,"column":28}},"2":{"start":{"line":12,"column":40},"end":{"line":12,"column":71}},"3":{"start":{"line":13,"column":38},"end":{"line":13,"column":68}},"4":{"start":{"line":14,"column":30},"end":{"line":14,"column":56}},"5":{"start":{"line":15,"column":32},"end":{"line":15,"column":59}},"6":{"start":{"line":16,"column":26},"end":{"line":16,"column":50}},"7":{"start":{"line":17,"column":34},"end":{"line":17,"column":62}},"8":{"start":{"line":19,"column":28},"end":{"line":19,"column":54}},"9":{"start":{"line":21,"column":26},"end":{"line":21,"column":83}},"10":{"start":{"line":23,"column":25},"end":{"line":26,"column":5}},"11":{"start":{"line":24,"column":8},"end":{"line":24,"column":27}},"12":{"start":{"line":25,"column":8},"end":{"line":25,"column":41}},"13":{"start":{"line":28,"column":5},"end":{"line":95,"column":6}},"14":{"start":{"line":37,"column":36},"end":{"line":37,"column":65}},"15":{"start":{"line":47,"column":36},"end":{"line":47,"column":64}},"16":{"start":{"line":57,"column":36},"end":{"line":57,"column":60}},"17":{"start":{"line":67,"column":36},"end":{"line":67,"column":61}},"18":{"start":{"line":76,"column":36},"end":{"line":76,"column":58}},"19":{"start":{"line":86,"column":36},"end":{"line":86,"column":62}}},"fnMap":{"0":{"name":"(anonymous_0)","decl":{"start":{"line":8,"column":17},"end":{"line":8,"column":18}},"loc":{"start":{"line":8,"column":34},"end":{"line":96,"column":1}},"line":8},"1":{"name":"(anonymous_1)","decl":{"start":{"line":23,"column":25},"end":{"line":23,"column":26}},"loc":{"start":{"line":23,"column":32},"end":{"line":26,"column":5}},"line":23},"2":{"name":"(anonymous_2)","decl":{"start":{"line":37,"column":30},"end":{"line":37,"column":31}},"loc":{"start":{"line":37,"column":36},"end":{"line":37,"column":65}},"line":37},"3":{"name":"(anonymous_3)","decl":{"start":{"line":47,"column":30},"end":{"line":47,"column":31}},"loc":{"start":{"line":47,"column":36},"end":{"line":47,"column":64}},"line":47},"4":{"name":"(anonymous_4)","decl":{"start":{"line":57,"column":30},"end":{"line":57,"column":31}},"loc":{"start":{"line":57,"column":36},"end":{"line":57,"column":60}},"line":57},"5":{"name":"(anonymous_5)","decl":{"start":{"line":67,"column":30},"end":{"line":67,"column":31}},"loc":{"start":{"line":67,"column":36},"end":{"line":67,"column":61}},"line":67},"6":{"name":"(anonymous_6)","decl":{"start":{"line":76,"column":30},"end":{"line":76,"column":31}},"loc":{"start":{"line":76,"column":36},"end":{"line":76,"column":58}},"line":76},"7":{"name":"(anonymous_7)","decl":{"start":{"line":86,"column":30},"end":{"line":86,"column":31}},"loc":{"start":{"line":86,"column":36},"end":{"line":86,"column":62}},"line":86}},"branchMap":{},"s":{"0":0,"1":0,"2":0,"3":0,"4":0,"5":0,"6":0,"7":0,"8":0,"9":0,"10":0,"11":0,"12":0,"13":0,"14":0,"15":0,"16":0,"17":0,"18":0,"19":0},"f":{"0":0,"1":0,"2":0,"3":0,"4":0,"5":0,"6":0,"7":0},"b":{}}
,"F:\\Internship\\React\\modal\\reactmodal\\src\\components\\LoginForm.js": {"path":"F:\\Internship\\React\\modal\\reactmodal\\src\\components\\LoginForm.js","statementMap":{"0":{"start":{"line":14,"column":18},"end":{"line":134,"column":1}},"1":{"start":{"line":19,"column":19},"end":{"line":19,"column":32}},"2":{"start":{"line":20,"column":26},"end":{"line":20,"column":49}},"3":{"start":{"line":21,"column":28},"end":{"line":21,"column":40}},"4":{"start":{"line":49,"column":32},"end":{"line":49,"column":69}},"5":{"start":{"line":50,"column":44},"end":{"line":50,"column":58}},"6":{"start":{"line":51,"column":24},"end":{"line":53,"column":3}},"7":{"start":{"line":52,"column":4},"end":{"line":52,"column":35}},"8":{"start":{"line":54,"column":34},"end":{"line":56,"column":3}},"9":{"start":{"line":55,"column":4},"end":{"line":55,"column":51}},"10":{"start":{"line":59,"column":4},"end":{"line":61,"column":6}},"11":{"start":{"line":62,"column":18},"end":{"line":65,"column":3}},"12":{"start":{"line":63,"column":4},"end":{"line":63,"column":19}},"13":{"start":{"line":64,"column":4},"end":{"line":64,"column":25}},"14":{"start":{"line":66,"column":2},"end":{"line":133,"column":4}},"15":{"start":{"line":77,"column":29},"end":{"line":77,"column":78}},"16":{"start":{"line":89,"column":14},"end":{"line":89,"column":66}}},"fnMap":{"0":{"name":"(anonymous_0)","decl":{"start":{"line":14,"column":18},"end":{"line":14,"column":19}},"loc":{"start":{"line":14,"column":40},"end":{"line":134,"column":1}},"line":14},"1":{"name":"(anonymous_1)","decl":{"start":{"line":51,"column":24},"end":{"line":51,"column":25}},"loc":{"start":{"line":51,"column":35},"end":{"line":53,"column":3}},"line":51},"2":{"name":"(anonymous_2)","decl":{"start":{"line":54,"column":34},"end":{"line":54,"column":35}},"loc":{"start":{"line":54,"column":40},"end":{"line":56,"column":3}},"line":54},"3":{"name":"(anonymous_3)","decl":{"start":{"line":62,"column":18},"end":{"line":62,"column":19}},"loc":{"start":{"line":62,"column":24},"end":{"line":65,"column":3}},"line":62},"4":{"name":"(anonymous_4)","decl":{"start":{"line":77,"column":22},"end":{"line":77,"column":23}},"loc":{"start":{"line":77,"column":29},"end":{"line":77,"column":78}},"line":77},"5":{"name":"(anonymous_5)","decl":{"start":{"line":88,"column":22},"end":{"line":88,"column":23}},"loc":{"start":{"line":89,"column":14},"end":{"line":89,"column":66}},"line":89}},"branchMap":{"0":{"loc":{"start":{"line":55,"column":21},"end":{"line":55,"column":49}},"type":"cond-expr","locations":[{"start":{"line":55,"column":37},"end":{"line":55,"column":42}},{"start":{"line":55,"column":45},"end":{"line":55,"column":49}}],"line":55},"1":{"loc":{"start":{"line":70,"column":9},"end":{"line":70,"column":65}},"type":"cond-expr","locations":[{"start":{"line":70,"column":24},"end":{"line":70,"column":60}},{"start":{"line":70,"column":63},"end":{"line":70,"column":65}}],"line":70},"2":{"loc":{"start":{"line":84,"column":18},"end":{"line":84,"column":53}},"type":"cond-expr","locations":[{"start":{"line":84,"column":34},"end":{"line":84,"column":40}},{"start":{"line":84,"column":43},"end":{"line":84,"column":53}}],"line":84},"3":{"loc":{"start":{"line":102,"column":25},"end":{"line":102,"column":77}},"type":"cond-expr","locations":[{"start":{"line":102,"column":39},"end":{"line":102,"column":56}},{"start":{"line":102,"column":59},"end":{"line":102,"column":77}}],"line":102},"4":{"loc":{"start":{"line":107,"column":25},"end":{"line":107,"column":75}},"type":"cond-expr","locations":[{"start":{"line":107,"column":37},"end":{"line":107,"column":54}},{"start":{"line":107,"column":57},"end":{"line":107,"column":75}}],"line":107},"5":{"loc":{"start":{"line":112,"column":28},"end":{"line":112,"column":78}},"type":"cond-expr","locations":[{"start":{"line":112,"column":40},"end":{"line":112,"column":57}},{"start":{"line":112,"column":60},"end":{"line":112,"column":78}}],"line":112},"6":{"loc":{"start":{"line":117,"column":28},"end":{"line":117,"column":78}},"type":"cond-expr","locations":[{"start":{"line":117,"column":40},"end":{"line":117,"column":57}},{"start":{"line":117,"column":60},"end":{"line":117,"column":78}}],"line":117},"7":{"loc":{"start":{"line":123,"column":17},"end":{"line":123,"column":69}},"type":"cond-expr","locations":[{"start":{"line":123,"column":31},"end":{"line":123,"column":48}},{"start":{"line":123,"column":51},"end":{"line":123,"column":69}}],"line":123}},"s":{"0":0,"1":0,"2":0,"3":0,"4":0,"5":0,"6":0,"7":0,"8":0,"9":0,"10":0,"11":0,"12":0,"13":0,"14":0,"15":0,"16":0},"f":{"0":0,"1":0,"2":0,"3":0,"4":0,"5":0},"b":{"0":[0,0],"1":[0,0],"2":[0,0],"3":[0,0],"4":[0,0],"5":[0,0],"6":[0,0],"7":[0,0]}}
,"F:\\Internship\\React\\modal\\reactmodal\\src\\components\\Nav.js": {"path":"F:\\Internship\\React\\modal\\reactmodal\\src\\components\\Nav.js","statementMap":{"0":{"start":{"line":6,"column":2},"end":{"line":24,"column":4}}},"fnMap":{"0":{"name":"Nav","decl":{"start":{"line":5,"column":9},"end":{"line":5,"column":12}},"loc":{"start":{"line":5,"column":15},"end":{"line":25,"column":1}},"line":5}},"branchMap":{},"s":{"0":0},"f":{"0":0},"b":{}}
,"F:\\Internship\\React\\modal\\reactmodal\\src\\components\\Profile.js": {"path":"F:\\Internship\\React\\modal\\reactmodal\\src\\components\\Profile.js","statementMap":{"0":{"start":{"line":5,"column":16},"end":{"line":84,"column":1}},"1":{"start":{"line":6,"column":25},"end":{"line":6,"column":51}},"2":{"start":{"line":7,"column":14},"end":{"line":7,"column":25}},"3":{"start":{"line":9,"column":25},"end":{"line":9,"column":72}},"4":{"start":{"line":9,"column":52},"end":{"line":9,"column":68}},"5":{"start":{"line":12,"column":4},"end":{"line":83,"column":5}}},"fnMap":{"0":{"name":"(anonymous_0)","decl":{"start":{"line":5,"column":16},"end":{"line":5,"column":17}},"loc":{"start":{"line":5,"column":22},"end":{"line":84,"column":1}},"line":5},"1":{"name":"(anonymous_1)","decl":{"start":{"line":9,"column":41},"end":{"line":9,"column":42}},"loc":{"start":{"line":9,"column":52},"end":{"line":9,"column":68}},"line":9}},"branchMap":{},"s":{"0":0,"1":0,"2":0,"3":0,"4":0,"5":0},"f":{"0":0,"1":0},"b":{}}
,"F:\\Internship\\React\\modal\\reactmodal\\src\\components\\ProtectedRoutes.jsx": {"path":"F:\\Internship\\React\\modal\\reactmodal\\src\\components\\ProtectedRoutes.jsx","statementMap":{"0":{"start":{"line":3,"column":16},"end":{"line":6,"column":1}},"1":{"start":{"line":4,"column":15},"end":{"line":4,"column":34}},"2":{"start":{"line":5,"column":2},"end":{"line":5,"column":31}},"3":{"start":{"line":8,"column":24},"end":{"line":11,"column":1}},"4":{"start":{"line":9,"column":17},"end":{"line":9,"column":26}},"5":{"start":{"line":10,"column":2},"end":{"line":10,"column":53}}},"fnMap":{"0":{"name":"(anonymous_0)","decl":{"start":{"line":3,"column":16},"end":{"line":3,"column":17}},"loc":{"start":{"line":3,"column":22},"end":{"line":6,"column":1}},"line":3},"1":{"name":"(anonymous_1)","decl":{"start":{"line":8,"column":24},"end":{"line":8,"column":25}},"loc":{"start":{"line":8,"column":30},"end":{"line":11,"column":1}},"line":8}},"branchMap":{"0":{"loc":{"start":{"line":5,"column":9},"end":{"line":5,"column":30}},"type":"binary-expr","locations":[{"start":{"line":5,"column":9},"end":{"line":5,"column":13}},{"start":{"line":5,"column":17},"end":{"line":5,"column":30}}],"line":5},"1":{"loc":{"start":{"line":10,"column":10},"end":{"line":10,"column":51}},"type":"cond-expr","locations":[{"start":{"line":10,"column":19},"end":{"line":10,"column":29}},{"start":{"line":10,"column":32},"end":{"line":10,"column":51}}],"line":10}},"s":{"0":0,"1":0,"2":0,"3":0,"4":0,"5":0},"f":{"0":0,"1":0},"b":{"0":[0,0],"1":[0,0]}}
,"F:\\Internship\\React\\modal\\reactmodal\\src\\components\\Student.js": {"path":"F:\\Internship\\React\\modal\\reactmodal\\src\\components\\Student.js","statementMap":{"0":{"start":{"line":9,"column":16},"end":{"line":78,"column":1}},"1":{"start":{"line":11,"column":28},"end":{"line":11,"column":54}},"2":{"start":{"line":12,"column":28},"end":{"line":12,"column":43}},"3":{"start":{"line":13,"column":30},"end":{"line":13,"column":45}},"4":{"start":{"line":16,"column":24},"end":{"line":16,"column":43}},"5":{"start":{"line":16,"column":30},"end":{"line":16,"column":43}},"6":{"start":{"line":17,"column":25},"end":{"line":17,"column":45}},"7":{"start":{"line":17,"column":31},"end":{"line":17,"column":45}},"8":{"start":{"line":18,"column":24},"end":{"line":18,"column":44}},"9":{"start":{"line":18,"column":30},"end":{"line":18,"column":44}},"10":{"start":{"line":19,"column":25},"end":{"line":19,"column":46}},"11":{"start":{"line":19,"column":31},"end":{"line":19,"column":46}},"12":{"start":{"line":21,"column":4},"end":{"line":24,"column":17}},"13":{"start":{"line":22,"column":8},"end":{"line":22,"column":22}},"14":{"start":{"line":23,"column":8},"end":{"line":23,"column":23}},"15":{"start":{"line":26,"column":21},"end":{"line":26,"column":34}},"16":{"start":{"line":28,"column":4},"end":{"line":77,"column":5}},"17":{"start":{"line":38,"column":26},"end":{"line":38,"column":51}}},"fnMap":{"0":{"name":"(anonymous_0)","decl":{"start":{"line":9,"column":16},"end":{"line":9,"column":17}},"loc":{"start":{"line":9,"column":31},"end":{"line":78,"column":1}},"line":9},"1":{"name":"(anonymous_1)","decl":{"start":{"line":16,"column":24},"end":{"line":16,"column":25}},"loc":{"start":{"line":16,"column":30},"end":{"line":16,"column":43}},"line":16},"2":{"name":"(anonymous_2)","decl":{"start":{"line":17,"column":25},"end":{"line":17,"column":26}},"loc":{"start":{"line":17,"column":31},"end":{"line":17,"column":45}},"line":17},"3":{"name":"(anonymous_3)","decl":{"start":{"line":18,"column":24},"end":{"line":18,"column":25}},"loc":{"start":{"line":18,"column":30},"end":{"line":18,"column":44}},"line":18},"4":{"name":"(anonymous_4)","decl":{"start":{"line":19,"column":25},"end":{"line":19,"column":26}},"loc":{"start":{"line":19,"column":31},"end":{"line":19,"column":46}},"line":19},"5":{"name":"(anonymous_5)","decl":{"start":{"line":21,"column":14},"end":{"line":21,"column":15}},"loc":{"start":{"line":21,"column":20},"end":{"line":24,"column":5}},"line":21},"6":{"name":"(anonymous_6)","decl":{"start":{"line":38,"column":20},"end":{"line":38,"column":21}},"loc":{"start":{"line":38,"column":26},"end":{"line":38,"column":51}},"line":38}},"branchMap":{},"s":{"0":0,"1":0,"2":0,"3":0,"4":0,"5":0,"6":0,"7":0,"8":0,"9":0,"10":0,"11":0,"12":0,"13":0,"14":0,"15":0,"16":0,"17":0},"f":{"0":0,"1":0,"2":0,"3":0,"4":0,"5":0,"6":0},"b":{}}
,"F:\\Internship\\React\\modal\\reactmodal\\src\\components\\StudentList.js": {"path":"F:\\Internship\\React\\modal\\reactmodal\\src\\components\\StudentList.js","statementMap":{"0":{"start":{"line":8,"column":20},"end":{"line":76,"column":1}},"1":{"start":{"line":9,"column":40},"end":{"line":9,"column":66}},"2":{"start":{"line":11,"column":26},"end":{"line":11,"column":41}},"3":{"start":{"line":12,"column":21},"end":{"line":12,"column":40}},"4":{"start":{"line":12,"column":27},"end":{"line":12,"column":40}},"5":{"start":{"line":13,"column":22},"end":{"line":13,"column":42}},"6":{"start":{"line":13,"column":28},"end":{"line":13,"column":42}},"7":{"start":{"line":15,"column":2},"end":{"line":17,"column":17}},"8":{"start":{"line":16,"column":4},"end":{"line":16,"column":18}},"9":{"start":{"line":18,"column":2},"end":{"line":75,"column":4}},"10":{"start":{"line":54,"column":12},"end":{"line":57,"column":17}}},"fnMap":{"0":{"name":"(anonymous_0)","decl":{"start":{"line":8,"column":20},"end":{"line":8,"column":21}},"loc":{"start":{"line":8,"column":36},"end":{"line":76,"column":1}},"line":8},"1":{"name":"(anonymous_1)","decl":{"start":{"line":12,"column":21},"end":{"line":12,"column":22}},"loc":{"start":{"line":12,"column":27},"end":{"line":12,"column":40}},"line":12},"2":{"name":"(anonymous_2)","decl":{"start":{"line":13,"column":22},"end":{"line":13,"column":23}},"loc":{"start":{"line":13,"column":28},"end":{"line":13,"column":42}},"line":13},"3":{"name":"(anonymous_3)","decl":{"start":{"line":15,"column":12},"end":{"line":15,"column":13}},"loc":{"start":{"line":15,"column":18},"end":{"line":17,"column":3}},"line":15},"4":{"name":"(anonymous_4)","decl":{"start":{"line":53,"column":24},"end":{"line":53,"column":25}},"loc":{"start":{"line":54,"column":12},"end":{"line":57,"column":17}},"line":54}},"branchMap":{},"s":{"0":0,"1":0,"2":0,"3":0,"4":0,"5":0,"6":0,"7":0,"8":0,"9":0,"10":0},"f":{"0":0,"1":0,"2":0,"3":0,"4":0},"b":{}}
,"F:\\Internship\\React\\modal\\reactmodal\\src\\components\\ViewForm.js": {"path":"F:\\Internship\\React\\modal\\reactmodal\\src\\components\\ViewForm.js","statementMap":{"0":{"start":{"line":8,"column":17},"end":{"line":42,"column":1}},"1":{"start":{"line":10,"column":15},"end":{"line":10,"column":28}},"2":{"start":{"line":12,"column":40},"end":{"line":12,"column":71}},"3":{"start":{"line":13,"column":38},"end":{"line":13,"column":68}},"4":{"start":{"line":14,"column":30},"end":{"line":14,"column":56}},"5":{"start":{"line":15,"column":32},"end":{"line":15,"column":59}},"6":{"start":{"line":16,"column":26},"end":{"line":16,"column":50}},"7":{"start":{"line":17,"column":34},"end":{"line":17,"column":62}},"8":{"start":{"line":19,"column":28},"end":{"line":19,"column":54}},"9":{"start":{"line":21,"column":26},"end":{"line":21,"column":83}},"10":{"start":{"line":23,"column":25},"end":{"line":26,"column":5}},"11":{"start":{"line":24,"column":8},"end":{"line":24,"column":27}},"12":{"start":{"line":25,"column":8},"end":{"line":25,"column":41}},"13":{"start":{"line":28,"column":5},"end":{"line":41,"column":6}}},"fnMap":{"0":{"name":"(anonymous_0)","decl":{"start":{"line":8,"column":17},"end":{"line":8,"column":18}},"loc":{"start":{"line":8,"column":34},"end":{"line":42,"column":1}},"line":8},"1":{"name":"(anonymous_1)","decl":{"start":{"line":23,"column":25},"end":{"line":23,"column":26}},"loc":{"start":{"line":23,"column":32},"end":{"line":26,"column":5}},"line":23}},"branchMap":{},"s":{"0":0,"1":0,"2":0,"3":0,"4":0,"5":0,"6":0,"7":0,"8":0,"9":0,"10":0,"11":0,"12":0,"13":0},"f":{"0":0,"1":0},"b":{}}
,"F:\\Internship\\React\\modal\\reactmodal\\src\\components\\auth.js": {"path":"F:\\Internship\\React\\modal\\reactmodal\\src\\components\\auth.js","statementMap":{"0":{"start":{"line":3,"column":4},"end":{"line":3,"column":31}},"1":{"start":{"line":7,"column":4},"end":{"line":7,"column":30}},"2":{"start":{"line":8,"column":4},"end":{"line":8,"column":9}},"3":{"start":{"line":12,"column":4},"end":{"line":12,"column":31}},"4":{"start":{"line":13,"column":4},"end":{"line":13,"column":9}},"5":{"start":{"line":17,"column":4},"end":{"line":17,"column":30}}},"fnMap":{"0":{"name":"(anonymous_0)","decl":{"start":{"line":2,"column":2},"end":{"line":2,"column":3}},"loc":{"start":{"line":2,"column":16},"end":{"line":4,"column":3}},"line":2},"1":{"name":"(anonymous_1)","decl":{"start":{"line":6,"column":2},"end":{"line":6,"column":3}},"loc":{"start":{"line":6,"column":13},"end":{"line":9,"column":3}},"line":6},"2":{"name":"(anonymous_2)","decl":{"start":{"line":11,"column":2},"end":{"line":11,"column":3}},"loc":{"start":{"line":11,"column":14},"end":{"line":14,"column":3}},"line":11},"3":{"name":"(anonymous_3)","decl":{"start":{"line":16,"column":2},"end":{"line":16,"column":3}},"loc":{"start":{"line":16,"column":20},"end":{"line":18,"column":3}},"line":16}},"branchMap":{},"s":{"0":0,"1":0,"2":0,"3":0,"4":0,"5":0},"f":{"0":0,"1":0,"2":0,"3":0},"b":{}}
,"F:\\Internship\\React\\modal\\reactmodal\\src\\components\\import.js": {"path":"F:\\Internship\\React\\modal\\reactmodal\\src\\components\\import.js","statementMap":{"0":{"start":{"line":3,"column":18},"end":{"line":18,"column":1}},"1":{"start":{"line":4,"column":2},"end":{"line":17,"column":4}}},"fnMap":{"0":{"name":"(anonymous_0)","decl":{"start":{"line":3,"column":18},"end":{"line":3,"column":19}},"loc":{"start":{"line":3,"column":44},"end":{"line":18,"column":1}},"line":3}},"branchMap":{},"s":{"0":0,"1":0},"f":{"0":0},"b":{}}
,"F:\\Internship\\React\\modal\\reactmodal\\src\\contexts\\StudentContext.js": {"path":"F:\\Internship\\React\\modal\\reactmodal\\src\\contexts\\StudentContext.js","statementMap":{"0":{"start":{"line":6,"column":30},"end":{"line":6,"column":45}},"1":{"start":{"line":8,"column":31},"end":{"line":109,"column":1}},"2":{"start":{"line":9,"column":19},"end":{"line":9,"column":32}},"3":{"start":{"line":11,"column":36},"end":{"line":11,"column":48}},"4":{"start":{"line":12,"column":4},"end":{"line":18,"column":10}},"5":{"start":{"line":14,"column":4},"end":{"line":16,"column":6}},"6":{"start":{"line":15,"column":6},"end":{"line":15,"column":33}},"7":{"start":{"line":20,"column":30},"end":{"line":20,"column":57}},"8":{"start":{"line":23,"column":23},"end":{"line":31,"column":5}},"9":{"start":{"line":24,"column":6},"end":{"line":30,"column":7}},"10":{"start":{"line":26,"column":10},"end":{"line":29,"column":12}},"11":{"start":{"line":27,"column":12},"end":{"line":27,"column":39}},"12":{"start":{"line":28,"column":12},"end":{"line":28,"column":33}},"13":{"start":{"line":33,"column":26},"end":{"line":43,"column":5}},"14":{"start":{"line":34,"column":6},"end":{"line":34,"column":21}},"15":{"start":{"line":35,"column":6},"end":{"line":41,"column":7}},"16":{"start":{"line":37,"column":10},"end":{"line":40,"column":12}},"17":{"start":{"line":38,"column":12},"end":{"line":38,"column":39}},"18":{"start":{"line":39,"column":12},"end":{"line":39,"column":33}},"19":{"start":{"line":45,"column":25},"end":{"line":55,"column":5}},"20":{"start":{"line":46,"column":6},"end":{"line":46,"column":37}},"21":{"start":{"line":47,"column":58},"end":{"line":47,"column":72}},"22":{"start":{"line":48,"column":6},"end":{"line":54,"column":7}},"23":{"start":{"line":50,"column":10},"end":{"line":53,"column":12}},"24":{"start":{"line":51,"column":12},"end":{"line":51,"column":39}},"25":{"start":{"line":52,"column":12},"end":{"line":52,"column":33}},"26":{"start":{"line":56,"column":24},"end":{"line":85,"column":7}},"27":{"start":{"line":57,"column":32},"end":{"line":57,"column":59}},"28":{"start":{"line":58,"column":24},"end":{"line":58,"column":83}},"29":{"start":{"line":60,"column":21},"end":{"line":60,"column":23}},"30":{"start":{"line":61,"column":8},"end":{"line":80,"column":9}},"31":{"start":{"line":61,"column":21},"end":{"line":61,"column":22}},"32":{"start":{"line":62,"column":22},"end":{"line":62,"column":81}},"33":{"start":{"line":63,"column":10},"end":{"line":79,"column":11}},"34":{"start":{"line":64,"column":24},"end":{"line":64,"column":26}},"35":{"start":{"line":65,"column":12},"end":{"line":74,"column":13}},"36":{"start":{"line":65,"column":25},"end":{"line":65,"column":26}},"37":{"start":{"line":66,"column":22},"end":{"line":66,"column":28}},"38":{"start":{"line":67,"column":14},"end":{"line":70,"column":15}},"39":{"start":{"line":68,"column":16},"end":{"line":68,"column":67}},"40":{"start":{"line":68,"column":34},"end":{"line":68,"column":67}},"41":{"start":{"line":69,"column":16},"end":{"line":69,"column":78}},"42":{"start":{"line":69,"column":45},"end":{"line":69,"column":78}},"43":{"start":{"line":71,"column":14},"end":{"line":73,"column":15}},"44":{"start":{"line":72,"column":16},"end":{"line":72,"column":36}},"45":{"start":{"line":76,"column":12},"end":{"line":78,"column":13}},"46":{"start":{"line":76,"column":49},"end":{"line":76,"column":50}},"47":{"start":{"line":77,"column":14},"end":{"line":77,"column":29}},"48":{"start":{"line":82,"column":8},"end":{"line":82,"column":26}},"49":{"start":{"line":83,"column":27},"end":{"line":83,"column":49}},"50":{"start":{"line":84,"column":8},"end":{"line":84,"column":32}},"51":{"start":{"line":87,"column":31},"end":{"line":103,"column":7}},"52":{"start":{"line":88,"column":21},"end":{"line":88,"column":38}},"53":{"start":{"line":89,"column":8},"end":{"line":89,"column":30}},"54":{"start":{"line":90,"column":23},"end":{"line":90,"column":39}},"55":{"start":{"line":91,"column":8},"end":{"line":101,"column":10}},"56":{"start":{"line":93,"column":23},"end":{"line":93,"column":40}},"57":{"start":{"line":94,"column":21},"end":{"line":94,"column":56}},"58":{"start":{"line":96,"column":25},"end":{"line":96,"column":41}},"59":{"start":{"line":97,"column":21},"end":{"line":97,"column":38}},"60":{"start":{"line":99,"column":23},"end":{"line":99,"column":65}},"61":{"start":{"line":100,"column":10},"end":{"line":100,"column":28}},"62":{"start":{"line":102,"column":8},"end":{"line":102,"column":40}},"63":{"start":{"line":104,"column":4},"end":{"line":108,"column":5}}},"fnMap":{"0":{"name":"(anonymous_0)","decl":{"start":{"line":8,"column":31},"end":{"line":8,"column":32}},"loc":{"start":{"line":8,"column":42},"end":{"line":109,"column":1}},"line":8},"1":{"name":"(anonymous_1)","decl":{"start":{"line":12,"column":14},"end":{"line":12,"column":15}},"loc":{"start":{"line":12,"column":20},"end":{"line":18,"column":5}},"line":12},"2":{"name":"(anonymous_2)","decl":{"start":{"line":14,"column":59},"end":{"line":14,"column":60}},"loc":{"start":{"line":14,"column":66},"end":{"line":16,"column":5}},"line":14},"3":{"name":"(anonymous_3)","decl":{"start":{"line":23,"column":23},"end":{"line":23,"column":24}},"loc":{"start":{"line":23,"column":84},"end":{"line":31,"column":5}},"line":23},"4":{"name":"(anonymous_4)","decl":{"start":{"line":25,"column":8},"end":{"line":25,"column":9}},"loc":{"start":{"line":25,"column":21},"end":{"line":29,"column":13}},"line":25},"5":{"name":"(anonymous_5)","decl":{"start":{"line":26,"column":71},"end":{"line":26,"column":72}},"loc":{"start":{"line":26,"column":76},"end":{"line":29,"column":11}},"line":26},"6":{"name":"(anonymous_6)","decl":{"start":{"line":33,"column":26},"end":{"line":33,"column":27}},"loc":{"start":{"line":33,"column":33},"end":{"line":43,"column":5}},"line":33},"7":{"name":"(anonymous_7)","decl":{"start":{"line":36,"column":8},"end":{"line":36,"column":9}},"loc":{"start":{"line":36,"column":21},"end":{"line":40,"column":13}},"line":36},"8":{"name":"(anonymous_8)","decl":{"start":{"line":37,"column":71},"end":{"line":37,"column":72}},"loc":{"start":{"line":37,"column":76},"end":{"line":40,"column":11}},"line":37},"9":{"name":"(anonymous_9)","decl":{"start":{"line":45,"column":25},"end":{"line":45,"column":26}},"loc":{"start":{"line":45,"column":49},"end":{"line":55,"column":5}},"line":45},"10":{"name":"(anonymous_10)","decl":{"start":{"line":49,"column":8},"end":{"line":49,"column":9}},"loc":{"start":{"line":49,"column":21},"end":{"line":53,"column":13}},"line":49},"11":{"name":"(anonymous_11)","decl":{"start":{"line":50,"column":71},"end":{"line":50,"column":72}},"loc":{"start":{"line":50,"column":76},"end":{"line":53,"column":11}},"line":50},"12":{"name":"(anonymous_12)","decl":{"start":{"line":56,"column":24},"end":{"line":56,"column":25}},"loc":{"start":{"line":56,"column":40},"end":{"line":85,"column":7}},"line":56},"13":{"name":"(anonymous_13)","decl":{"start":{"line":76,"column":42},"end":{"line":76,"column":43}},"loc":{"start":{"line":76,"column":49},"end":{"line":76,"column":50}},"line":76},"14":{"name":"(anonymous_14)","decl":{"start":{"line":87,"column":31},"end":{"line":87,"column":32}},"loc":{"start":{"line":87,"column":38},"end":{"line":103,"column":7}},"line":87},"15":{"name":"(anonymous_15)","decl":{"start":{"line":91,"column":24},"end":{"line":91,"column":25}},"loc":{"start":{"line":91,"column":33},"end":{"line":101,"column":9}},"line":91}},"branchMap":{"0":{"loc":{"start":{"line":63,"column":10},"end":{"line":79,"column":11}},"type":"if","locations":[{"start":{"line":63,"column":10},"end":{"line":79,"column":11}},{"start":{},"end":{}}],"line":63},"1":{"loc":{"start":{"line":63,"column":14},"end":{"line":63,"column":54}},"type":"binary-expr","locations":[{"start":{"line":63,"column":14},"end":{"line":63,"column":21}},{"start":{"line":63,"column":25},"end":{"line":63,"column":54}}],"line":63},"2":{"loc":{"start":{"line":67,"column":14},"end":{"line":70,"column":15}},"type":"if","locations":[{"start":{"line":67,"column":14},"end":{"line":70,"column":15}},{"start":{},"end":{}}],"line":67},"3":{"loc":{"start":{"line":68,"column":16},"end":{"line":68,"column":67}},"type":"if","locations":[{"start":{"line":68,"column":16},"end":{"line":68,"column":67}},{"start":{},"end":{}}],"line":68},"4":{"loc":{"start":{"line":69,"column":16},"end":{"line":69,"column":78}},"type":"if","locations":[{"start":{"line":69,"column":16},"end":{"line":69,"column":78}},{"start":{},"end":{}}],"line":69},"5":{"loc":{"start":{"line":71,"column":14},"end":{"line":73,"column":15}},"type":"if","locations":[{"start":{"line":71,"column":14},"end":{"line":73,"column":15}},{"start":{},"end":{}}],"line":71},"6":{"loc":{"start":{"line":76,"column":12},"end":{"line":78,"column":13}},"type":"if","locations":[{"start":{"line":76,"column":12},"end":{"line":78,"column":13}},{"start":{},"end":{}}],"line":76}},"s":{"0":0,"1":0,"2":0,"3":0,"4":0,"5":0,"6":0,"7":0,"8":0,"9":0,"10":0,"11":0,"12":0,"13":0,"14":0,"15":0,"16":0,"17":0,"18":0,"19":0,"20":0,"21":0,"22":0,"23":0,"24":0,"25":0,"26":0,"27":0,"28":0,"29":0,"30":0,"31":0,"32":0,"33":0,"34":0,"35":0,"36":0,"37":0,"38":0,"39":0,"40":0,"41":0,"42":0,"43":0,"44":0,"45":0,"46":0,"47":0,"48":0,"49":0,"50":0,"51":0,"52":0,"53":0,"54":0,"55":0,"56":0,"57":0,"58":0,"59":0,"60":0,"61":0,"62":0,"63":0},"f":{"0":0,"1":0,"2":0,"3":0,"4":0,"5":0,"6":0,"7":0,"8":0,"9":0,"10":0,"11":0,"12":0,"13":0,"14":0,"15":0},"b":{"0":[0,0],"1":[0,0],"2":[0,0],"3":[0,0],"4":[0,0],"5":[0,0],"6":[0,0]}}
,"F:\\Internship\\React\\modal\\reactmodal\\src\\helpers\\helpers.js": {"path":"F:\\Internship\\React\\modal\\reactmodal\\src\\helpers\\helpers.js","statementMap":{"0":{"start":{"line":3,"column":37},"end":{"line":18,"column":1}},"1":{"start":{"line":4,"column":40},"end":{"line":4,"column":54}},"2":{"start":{"line":5,"column":36},"end":{"line":5,"column":50}},"3":{"start":{"line":6,"column":36},"end":{"line":6,"column":50}},"4":{"start":{"line":7,"column":36},"end":{"line":7,"column":50}},"5":{"start":{"line":8,"column":40},"end":{"line":8,"column":54}},"6":{"start":{"line":10,"column":2},"end":{"line":16,"column":17}},"7":{"start":{"line":11,"column":4},"end":{"line":11,"column":56}},"8":{"start":{"line":12,"column":4},"end":{"line":12,"column":54}},"9":{"start":{"line":13,"column":4},"end":{"line":13,"column":54}},"10":{"start":{"line":14,"column":4},"end":{"line":14,"column":38}},"11":{"start":{"line":15,"column":4},"end":{"line":15,"column":74}},"12":{"start":{"line":17,"column":2},"end":{"line":17,"column":69}}},"fnMap":{"0":{"name":"(anonymous_0)","decl":{"start":{"line":3,"column":37},"end":{"line":3,"column":38}},"loc":{"start":{"line":3,"column":70},"end":{"line":18,"column":1}},"line":3},"1":{"name":"(anonymous_1)","decl":{"start":{"line":10,"column":12},"end":{"line":10,"column":13}},"loc":{"start":{"line":10,"column":18},"end":{"line":16,"column":3}},"line":10}},"branchMap":{"0":{"loc":{"start":{"line":3,"column":50},"end":{"line":3,"column":63}},"type":"default-arg","locations":[{"start":{"line":3,"column":61},"end":{"line":3,"column":63}}],"line":3},"1":{"loc":{"start":{"line":11,"column":19},"end":{"line":11,"column":54}},"type":"cond-expr","locations":[{"start":{"line":11,"column":42},"end":{"line":11,"column":46}},{"start":{"line":11,"column":49},"end":{"line":11,"column":54}}],"line":11}},"s":{"0":0,"1":0,"2":0,"3":0,"4":0,"5":0,"6":0,"7":0,"8":0,"9":0,"10":0,"11":0,"12":0},"f":{"0":0,"1":0},"b":{"0":[0],"1":[0,0]}}
}
